<?xml version="1.0" encoding="UTF-8"?>
<!-- Generated by org.testng.reporters.JUnitXMLReporter -->
<testsuite ignored="0" hostname="MAVHP1220120" failures="0" tests="4" name="Default test" time="13.731" errors="0" timestamp="2024-06-21T11:58:25 IST">
  <testcase classname="com.maveric.git.test.LoginTest" name="test1" time="0.126"/>
  <testcase classname="com.maveric.git.test.LoginTest" name="test1" time="0.12"/>
  <testcase classname="com.maveric.git.test.LoginTest" name="test1" time="0.1"/>
  <testcase classname="com.maveric.git.test.LoginTest" name="test1" time="0.117"/>
</testsuite> <!-- Default test -->
