<?xml version="1.0" encoding="UTF-8"?>
<testng-results ignored="0" total="1" passed="1" failed="0" skipped="0">
  <reporter-output>
  </reporter-output>
  <suite started-at="2024-07-08T14:11:03 IST" name="Failed suite [Default suite]" finished-at="2024-07-08T14:11:09 IST" duration-ms="6083">
    <groups>
    </groups>
    <test started-at="2024-07-08T14:11:03 IST" name="Default test(failed)" finished-at="2024-07-08T14:11:09 IST" duration-ms="6083">
      <class name="com.maveric.registration.demo.RegisterTest">
        <test-method is-config="true" signature="setUpTestEnv()[pri:0, instance:com.maveric.registration.demo.RegisterTest@d86a6f]" started-at="2024-07-08T14:11:03 IST" name="setUpTestEnv" finished-at="2024-07-08T14:11:08 IST" duration-ms="4409" status="PASS">
          <reporter-output>
          </reporter-output>
        </test-method> <!-- setUpTestEnv -->
        <test-method signature="test1()[pri:0, instance:com.maveric.registration.demo.RegisterTest@d86a6f]" started-at="2024-07-08T14:11:08 IST" name="test1" finished-at="2024-07-08T14:11:09 IST" duration-ms="1617" status="PASS">
          <reporter-output>
          </reporter-output>
        </test-method> <!-- test1 -->
      </class> <!-- com.maveric.registration.demo.RegisterTest -->
    </test> <!-- Default test(failed) -->
  </suite> <!-- Failed suite [Default suite] -->
</testng-results>
