<?xml version="1.0" encoding="UTF-8"?>
<testng-results ignored="0" total="8" passed="8" failed="0" skipped="0">
  <reporter-output>
  </reporter-output>
  <suite started-at="2024-07-03T11:17:17 IST" name="Default suite" finished-at="2024-07-03T11:17:31 IST" duration-ms="13481">
    <groups>
    </groups>
    <test started-at="2024-07-03T11:17:17 IST" name="Default test" finished-at="2024-07-03T11:17:31 IST" duration-ms="13481">
      <class name="com.maveric.restassure.fakepi.SecuredFakeApiTest">
        <test-method is-config="true" signature="setAuthEnv()[pri:0, instance:com.maveric.restassure.fakepi.SecuredFakeApiTest@221a3fa4]" started-at="2024-07-03T11:17:17 IST" name="setAuthEnv" finished-at="2024-07-03T11:17:22 IST" duration-ms="4904" status="PASS">
          <reporter-output>
          </reporter-output>
        </test-method> <!-- setAuthEnv -->
        <test-method signature="test1()[pri:0, instance:com.maveric.restassure.fakepi.SecuredFakeApiTest@221a3fa4]" started-at="2024-07-03T11:17:22 IST" name="test1" finished-at="2024-07-03T11:17:25 IST" duration-ms="2221" status="PASS">
          <reporter-output>
          </reporter-output>
        </test-method> <!-- test1 -->
        <test-method signature="test2()[pri:0, instance:com.maveric.restassure.fakepi.SecuredFakeApiTest@221a3fa4]" started-at="2024-07-03T11:17:25 IST" name="test2" finished-at="2024-07-03T11:17:26 IST" duration-ms="1577" status="PASS">
          <reporter-output>
          </reporter-output>
        </test-method> <!-- test2 -->
        <test-method signature="test3()[pri:0, instance:com.maveric.restassure.fakepi.SecuredFakeApiTest@221a3fa4]" started-at="2024-07-03T11:17:26 IST" name="test3" finished-at="2024-07-03T11:17:27 IST" duration-ms="731" status="PASS">
          <reporter-output>
          </reporter-output>
        </test-method> <!-- test3 -->
        <test-method signature="test4()[pri:0, instance:com.maveric.restassure.fakepi.SecuredFakeApiTest@221a3fa4]" started-at="2024-07-03T11:17:27 IST" name="test4" finished-at="2024-07-03T11:17:28 IST" duration-ms="864" status="PASS">
          <reporter-output>
          </reporter-output>
        </test-method> <!-- test4 -->
        <test-method signature="test6()[pri:0, instance:com.maveric.restassure.fakepi.SecuredFakeApiTest@221a3fa4]" started-at="2024-07-03T11:17:28 IST" name="test6" finished-at="2024-07-03T11:17:29 IST" duration-ms="862" status="PASS">
          <reporter-output>
          </reporter-output>
        </test-method> <!-- test6 -->
        <test-method signature="test7()[pri:0, instance:com.maveric.restassure.fakepi.SecuredFakeApiTest@221a3fa4]" started-at="2024-07-03T11:17:29 IST" name="test7" finished-at="2024-07-03T11:17:29 IST" duration-ms="778" status="PASS">
          <reporter-output>
          </reporter-output>
        </test-method> <!-- test7 -->
        <test-method signature="test8()[pri:0, instance:com.maveric.restassure.fakepi.SecuredFakeApiTest@221a3fa4]" started-at="2024-07-03T11:17:29 IST" name="test8" finished-at="2024-07-03T11:17:30 IST" duration-ms="676" status="PASS">
          <reporter-output>
          </reporter-output>
        </test-method> <!-- test8 -->
        <test-method signature="test9()[pri:0, instance:com.maveric.restassure.fakepi.SecuredFakeApiTest@221a3fa4]" started-at="2024-07-03T11:17:30 IST" name="test9" finished-at="2024-07-03T11:17:31 IST" duration-ms="775" status="PASS">
          <reporter-output>
          </reporter-output>
        </test-method> <!-- test9 -->
      </class> <!-- com.maveric.restassure.fakepi.SecuredFakeApiTest -->
    </test> <!-- Default test -->
  </suite> <!-- Default suite -->
</testng-results>
